11:08:28 **** Build of configuration Release for project stereo_match0006 ****
make all 
Building file: ../main.cu
Invoking: NVCC Compiler
/usr/local/cuda-8.0/bin/nvcc -I/home/rsy6318/opencv-3.0.0/include/opencv -I"/usr/local/cuda-8.0/samples/common/inc" -I/home/rsy6318/opencv-3.0.0/include/opencv2 -O3 -gencode arch=compute_30,code=sm_30  -odir "." -M -o "main.d" "../main.cu"
/usr/local/cuda-8.0/bin/nvcc -I/home/rsy6318/opencv-3.0.0/include/opencv -I"/usr/local/cuda-8.0/samples/common/inc" -I/home/rsy6318/opencv-3.0.0/include/opencv2 -O3 --compile --relocatable-device-code=false -gencode arch=compute_30,code=compute_30 -gencode arch=compute_30,code=sm_30  -x cu -o  "main.o" "../main.cu"
Finished building: ../main.cu
 
Building target: stereo_match0006
Invoking: NVCC Linker
/usr/local/cuda-8.0/bin/nvcc --cudart static -L/home/rsy6318/opencv-3.0.0/lib -L"/usr/local/cuda-8.0/samples/common/lib/linux/x86_64" -lGL -lGLU -lglut  --relocatable-device-code=false -gencode arch=compute_30,code=compute_30 -gencode arch=compute_30,code=sm_30 -link -o  "stereo_match0006"  ./main.o  /usr/local/cuda-8.0/samples/common/lib/linux/x86_64/libGLEW.a -lopencv_ml -lopencv_imgproc -lopencv_highgui -lopencv_core -lopencv_videoio -lopencv_imgcodecs
Finished building target: stereo_match0006
 
11:08:35 **** Incremental Build of configuration Release for project stereo_match0006 ****
make all 
make: Nothing to be done for 'all'.
11:08:45 **** Incremental Build of configuration Release for project stereo_match0006 ****
make all 
Building file: ../main.cu
Invoking: NVCC Compiler
/usr/local/cuda-8.0/bin/nvcc -I/home/rsy6318/opencv-3.0.0/include/opencv -I"/usr/local/cuda-8.0/samples/common/inc" -I/home/rsy6318/opencv-3.0.0/include/opencv2 -O3 -gencode arch=compute_30,code=sm_30  -odir "." -M -o "main.d" "../main.cu"
/usr/local/cuda-8.0/bin/nvcc -I/home/rsy6318/opencv-3.0.0/include/opencv -I"/usr/local/cuda-8.0/samples/common/inc" -I/home/rsy6318/opencv-3.0.0/include/opencv2 -O3 --compile --relocatable-device-code=false -gencode arch=compute_30,code=compute_30 -gencode arch=compute_30,code=sm_30  -x cu -o  "main.o" "../main.cu"
Finished building: ../main.cu
 
Building target: stereo_match0006
Invoking: NVCC Linker
/usr/local/cuda-8.0/bin/nvcc --cudart static -L/home/rsy6318/opencv-3.0.0/lib -L"/usr/local/cuda-8.0/samples/common/lib/linux/x86_64" -lGL -lGLU -lglut  --relocatable-device-code=false -gencode arch=compute_30,code=compute_30 -gencode arch=compute_30,code=sm_30 -link -o  "stereo_match0006"  ./main.o  /usr/local/cuda-8.0/samples/common/lib/linux/x86_64/libGLEW.a -lopencv_ml -lopencv_imgproc -lopencv_highgui -lopencv_core -lopencv_videoio -lopencv_imgcodecs
Finished building target: stereo_match0006
 
11:20:16 **** Incremental Build of configuration Release for project stereo_match0005 ****
make all 
Building file: ../main.cu
Invoking: NVCC Compiler
/usr/local/cuda-8.0/bin/nvcc -I"/usr/local/cuda-8.0/samples/common/inc" -I"/home/rsy6318/cuda-workspace/stereo_match0005" -I/home/rsy6318/opencv-3.0.0/include/opencv2 -I/home/rsy6318/opencv-3.0.0/include/opencv -O3 -gencode arch=compute_30,code=sm_30  -odir "." -M -o "main.d" "../main.cu"
/usr/local/cuda-8.0/bin/nvcc -I"/usr/local/cuda-8.0/samples/common/inc" -I"/home/rsy6318/cuda-workspace/stereo_match0005" -I/home/rsy6318/opencv-3.0.0/include/opencv2 -I/home/rsy6318/opencv-3.0.0/include/opencv -O3 --compile --relocatable-device-code=false -gencode arch=compute_30,code=compute_30 -gencode arch=compute_30,code=sm_30  -x cu -o  "main.o" "../main.cu"
Finished building: ../main.cu
 
Building target: stereo_match0005
Invoking: NVCC Linker
/usr/local/cuda-8.0/bin/nvcc --cudart static -L"/usr/local/cuda-8.0/samples/common/lib/linux/x86_64" -L/home/rsy6318/opencv-3.0.0/lib -lGL -lGLU -lglut  --relocatable-device-code=false -gencode arch=compute_30,code=compute_30 -gencode arch=compute_30,code=sm_30 -link -o  "stereo_match0005"  ./main.o  /usr/local/cuda-8.0/samples/common/lib/linux/x86_64/libGLEW.a -lopencv_ml -lopencv_imgproc -lopencv_highgui -lopencv_core -lopencv_videoio -lopencv_imgcodecs
Finished building target: stereo_match0005
 
11:20:27 **** Incremental Build of configuration Release for project stereo_match0005 ****
make all 
Building file: ../main.cu
Invoking: NVCC Compiler
/usr/local/cuda-8.0/bin/nvcc -I"/usr/local/cuda-8.0/samples/common/inc" -I"/home/rsy6318/cuda-workspace/stereo_match0005" -I/home/rsy6318/opencv-3.0.0/include/opencv2 -I/home/rsy6318/opencv-3.0.0/include/opencv -O3 -gencode arch=compute_30,code=sm_30  -odir "." -M -o "main.d" "../main.cu"
/usr/local/cuda-8.0/bin/nvcc -I"/usr/local/cuda-8.0/samples/common/inc" -I"/home/rsy6318/cuda-workspace/stereo_match0005" -I/home/rsy6318/opencv-3.0.0/include/opencv2 -I/home/rsy6318/opencv-3.0.0/include/opencv -O3 --compile --relocatable-device-code=false -gencode arch=compute_30,code=compute_30 -gencode arch=compute_30,code=sm_30  -x cu -o  "main.o" "../main.cu"
Finished building: ../main.cu
 
Building target: stereo_match0005
Invoking: NVCC Linker
/usr/local/cuda-8.0/bin/nvcc --cudart static -L"/usr/local/cuda-8.0/samples/common/lib/linux/x86_64" -L/home/rsy6318/opencv-3.0.0/lib -lGL -lGLU -lglut  --relocatable-device-code=false -gencode arch=compute_30,code=compute_30 -gencode arch=compute_30,code=sm_30 -link -o  "stereo_match0005"  ./main.o  /usr/local/cuda-8.0/samples/common/lib/linux/x86_64/libGLEW.a -lopencv_ml -lopencv_imgproc -lopencv_highgui -lopencv_core -lopencv_videoio -lopencv_imgcodecs
Finished building target: stereo_match0005
 
11:21:42 **** Incremental Build of configuration Release for project stereo_match0005 ****
make all 
make: Nothing to be done for 'all'.
11:26:50 **** Incremental Build of configuration Release for project stereo_match0005 ****
make all 
Building file: ../main.cu
Invoking: NVCC Compiler
/usr/local/cuda-8.0/bin/nvcc -I"/usr/local/cuda-8.0/samples/common/inc" -I"/home/rsy6318/cuda-workspace/stereo_match0005" -I/home/rsy6318/opencv-3.0.0/include/opencv2 -I/home/rsy6318/opencv-3.0.0/include/opencv -O3 -gencode arch=compute_30,code=sm_30  -odir "." -M -o "main.d" "../main.cu"
/usr/local/cuda-8.0/bin/nvcc -I"/usr/local/cuda-8.0/samples/common/inc" -I"/home/rsy6318/cuda-workspace/stereo_match0005" -I/home/rsy6318/opencv-3.0.0/include/opencv2 -I/home/rsy6318/opencv-3.0.0/include/opencv -O3 --compile --relocatable-device-code=false -gencode arch=compute_30,code=compute_30 -gencode arch=compute_30,code=sm_30  -x cu -o  "main.o" "../main.cu"
Finished building: ../main.cu
 
Building target: stereo_match0005
Invoking: NVCC Linker
/usr/local/cuda-8.0/bin/nvcc --cudart static -L"/usr/local/cuda-8.0/samples/common/lib/linux/x86_64" -L/home/rsy6318/opencv-3.0.0/lib -lGL -lGLU -lglut  --relocatable-device-code=false -gencode arch=compute_30,code=compute_30 -gencode arch=compute_30,code=sm_30 -link -o  "stereo_match0005"  ./main.o  /usr/local/cuda-8.0/samples/common/lib/linux/x86_64/libGLEW.a -lopencv_ml -lopencv_imgproc -lopencv_highgui -lopencv_core -lopencv_videoio -lopencv_imgcodecs
Finished building target: stereo_match0005
 
11:27:33 **** Incremental Build of configuration Release for project stereo_match0005 ****
make all 
make: Nothing to be done for 'all'.
11:27:34 **** Incremental Build of configuration Release for project stereo_match0005 ****
make all 
make: Nothing to be done for 'all'.
21:27:07 **** Incremental Build of configuration Release for project stereo_match0005 ****
make all 
Building file: ../main.cu
Invoking: NVCC Compiler
/usr/local/cuda-8.0/bin/nvcc -I"/usr/local/cuda-8.0/samples/common/inc" -I"/home/rsy6318/cuda-workspace/stereo_match0005" -I/home/rsy6318/opencv-3.0.0/include/opencv2 -I/home/rsy6318/opencv-3.0.0/include/opencv -O3 -gencode arch=compute_30,code=sm_30  -odir "." -M -o "main.d" "../main.cu"
/usr/local/cuda-8.0/bin/nvcc -I"/usr/local/cuda-8.0/samples/common/inc" -I"/home/rsy6318/cuda-workspace/stereo_match0005" -I/home/rsy6318/opencv-3.0.0/include/opencv2 -I/home/rsy6318/opencv-3.0.0/include/opencv -O3 --compile --relocatable-device-code=false -gencode arch=compute_30,code=compute_30 -gencode arch=compute_30,code=sm_30  -x cu -o  "main.o" "../main.cu"
Finished building: ../main.cu
 
Building target: stereo_match0005
Invoking: NVCC Linker
/usr/local/cuda-8.0/bin/nvcc --cudart static -L"/usr/local/cuda-8.0/samples/common/lib/linux/x86_64" -L/home/rsy6318/opencv-3.0.0/lib -lGL -lGLU -lglut  --relocatable-device-code=false -gencode arch=compute_30,code=compute_30 -gencode arch=compute_30,code=sm_30 -link -o  "stereo_match0005"  ./main.o  /usr/local/cuda-8.0/samples/common/lib/linux/x86_64/libGLEW.a -lopencv_ml -lopencv_imgproc -lopencv_highgui -lopencv_core -lopencv_videoio -lopencv_imgcodecs
Finished building target: stereo_match0005
 
21:27:30 **** Incremental Build of configuration Release for project stereo_match0005 ****
make all 
Building file: ../main.cu
Invoking: NVCC Compiler
/usr/local/cuda-8.0/bin/nvcc -I"/usr/local/cuda-8.0/samples/common/inc" -I"/home/rsy6318/cuda-workspace/stereo_match0005" -I/home/rsy6318/opencv-3.0.0/include/opencv2 -I/home/rsy6318/opencv-3.0.0/include/opencv -O3 -gencode arch=compute_30,code=sm_30  -odir "." -M -o "main.d" "../main.cu"
/usr/local/cuda-8.0/bin/nvcc -I"/usr/local/cuda-8.0/samples/common/inc" -I"/home/rsy6318/cuda-workspace/stereo_match0005" -I/home/rsy6318/opencv-3.0.0/include/opencv2 -I/home/rsy6318/opencv-3.0.0/include/opencv -O3 --compile --relocatable-device-code=false -gencode arch=compute_30,code=compute_30 -gencode arch=compute_30,code=sm_30  -x cu -o  "main.o" "../main.cu"
Finished building: ../main.cu
 
Building target: stereo_match0005
Invoking: NVCC Linker
/usr/local/cuda-8.0/bin/nvcc --cudart static -L"/usr/local/cuda-8.0/samples/common/lib/linux/x86_64" -L/home/rsy6318/opencv-3.0.0/lib -lGL -lGLU -lglut  --relocatable-device-code=false -gencode arch=compute_30,code=compute_30 -gencode arch=compute_30,code=sm_30 -link -o  "stereo_match0005"  ./main.o  /usr/local/cuda-8.0/samples/common/lib/linux/x86_64/libGLEW.a -lopencv_ml -lopencv_imgproc -lopencv_highgui -lopencv_core -lopencv_videoio -lopencv_imgcodecs
Finished building target: stereo_match0005
 
21:29:13 **** Incremental Build of configuration Release for project stereo_match0005 ****
make all 
Building file: ../main.cu
Invoking: NVCC Compiler
/usr/local/cuda-8.0/bin/nvcc -I"/usr/local/cuda-8.0/samples/common/inc" -I"/home/rsy6318/cuda-workspace/stereo_match0005" -I/home/rsy6318/opencv-3.0.0/include/opencv2 -I/home/rsy6318/opencv-3.0.0/include/opencv -O3 -gencode arch=compute_30,code=sm_30  -odir "." -M -o "main.d" "../main.cu"
/usr/local/cuda-8.0/bin/nvcc -I"/usr/local/cuda-8.0/samples/common/inc" -I"/home/rsy6318/cuda-workspace/stereo_match0005" -I/home/rsy6318/opencv-3.0.0/include/opencv2 -I/home/rsy6318/opencv-3.0.0/include/opencv -O3 --compile --relocatable-device-code=false -gencode arch=compute_30,code=compute_30 -gencode arch=compute_30,code=sm_30  -x cu -o  "main.o" "../main.cu"
Finished building: ../main.cu
 
Building target: stereo_match0005
Invoking: NVCC Linker
/usr/local/cuda-8.0/bin/nvcc --cudart static -L"/usr/local/cuda-8.0/samples/common/lib/linux/x86_64" -L/home/rsy6318/opencv-3.0.0/lib -lGL -lGLU -lglut  --relocatable-device-code=false -gencode arch=compute_30,code=compute_30 -gencode arch=compute_30,code=sm_30 -link -o  "stereo_match0005"  ./main.o  /usr/local/cuda-8.0/samples/common/lib/linux/x86_64/libGLEW.a -lopencv_ml -lopencv_imgproc -lopencv_highgui -lopencv_core -lopencv_videoio -lopencv_imgcodecs
Finished building target: stereo_match0005
 
21:29:42 **** Incremental Build of configuration Release for project stereo_match0005 ****
make all 
Building file: ../main.cu
Invoking: NVCC Compiler
/usr/local/cuda-8.0/bin/nvcc -I"/usr/local/cuda-8.0/samples/common/inc" -I"/home/rsy6318/cuda-workspace/stereo_match0005" -I/home/rsy6318/opencv-3.0.0/include/opencv2 -I/home/rsy6318/opencv-3.0.0/include/opencv -O3 -gencode arch=compute_30,code=sm_30  -odir "." -M -o "main.d" "../main.cu"
/usr/local/cuda-8.0/bin/nvcc -I"/usr/local/cuda-8.0/samples/common/inc" -I"/home/rsy6318/cuda-workspace/stereo_match0005" -I/home/rsy6318/opencv-3.0.0/include/opencv2 -I/home/rsy6318/opencv-3.0.0/include/opencv -O3 --compile --relocatable-device-code=false -gencode arch=compute_30,code=compute_30 -gencode arch=compute_30,code=sm_30  -x cu -o  "main.o" "../main.cu"
Finished building: ../main.cu
 
Building target: stereo_match0005
Invoking: NVCC Linker
/usr/local/cuda-8.0/bin/nvcc --cudart static -L"/usr/local/cuda-8.0/samples/common/lib/linux/x86_64" -L/home/rsy6318/opencv-3.0.0/lib -lGL -lGLU -lglut  --relocatable-device-code=false -gencode arch=compute_30,code=compute_30 -gencode arch=compute_30,code=sm_30 -link -o  "stereo_match0005"  ./main.o  /usr/local/cuda-8.0/samples/common/lib/linux/x86_64/libGLEW.a -lopencv_ml -lopencv_imgproc -lopencv_highgui -lopencv_core -lopencv_videoio -lopencv_imgcodecs
Finished building target: stereo_match0005
 
21:31:57 **** Incremental Build of configuration Release for project stereo_match0005 ****
make all 
Building file: ../main.cu
Invoking: NVCC Compiler
/usr/local/cuda-8.0/bin/nvcc -I"/usr/local/cuda-8.0/samples/common/inc" -I"/home/rsy6318/cuda-workspace/stereo_match0005" -I/home/rsy6318/opencv-3.0.0/include/opencv2 -I/home/rsy6318/opencv-3.0.0/include/opencv -O3 -gencode arch=compute_30,code=sm_30  -odir "." -M -o "main.d" "../main.cu"
/usr/local/cuda-8.0/bin/nvcc -I"/usr/local/cuda-8.0/samples/common/inc" -I"/home/rsy6318/cuda-workspace/stereo_match0005" -I/home/rsy6318/opencv-3.0.0/include/opencv2 -I/home/rsy6318/opencv-3.0.0/include/opencv -O3 --compile --relocatable-device-code=false -gencode arch=compute_30,code=compute_30 -gencode arch=compute_30,code=sm_30  -x cu -o  "main.o" "../main.cu"
Finished building: ../main.cu
 
Building target: stereo_match0005
Invoking: NVCC Linker
/usr/local/cuda-8.0/bin/nvcc --cudart static -L"/usr/local/cuda-8.0/samples/common/lib/linux/x86_64" -L/home/rsy6318/opencv-3.0.0/lib -lGL -lGLU -lglut  --relocatable-device-code=false -gencode arch=compute_30,code=compute_30 -gencode arch=compute_30,code=sm_30 -link -o  "stereo_match0005"  ./main.o  /usr/local/cuda-8.0/samples/common/lib/linux/x86_64/libGLEW.a -lopencv_ml -lopencv_imgproc -lopencv_highgui -lopencv_core -lopencv_videoio -lopencv_imgcodecs
Finished building target: stereo_match0005
 
21:34:44 **** Incremental Build of configuration Release for project stereo_match0005 ****
make all 
Building file: ../main.cu
Invoking: NVCC Compiler
/usr/local/cuda-8.0/bin/nvcc -I"/usr/local/cuda-8.0/samples/common/inc" -I"/home/rsy6318/cuda-workspace/stereo_match0005" -I/home/rsy6318/opencv-3.0.0/include/opencv2 -I/home/rsy6318/opencv-3.0.0/include/opencv -O3 -gencode arch=compute_30,code=sm_30  -odir "." -M -o "main.d" "../main.cu"
/usr/local/cuda-8.0/bin/nvcc -I"/usr/local/cuda-8.0/samples/common/inc" -I"/home/rsy6318/cuda-workspace/stereo_match0005" -I/home/rsy6318/opencv-3.0.0/include/opencv2 -I/home/rsy6318/opencv-3.0.0/include/opencv -O3 --compile --relocatable-device-code=false -gencode arch=compute_30,code=compute_30 -gencode arch=compute_30,code=sm_30  -x cu -o  "main.o" "../main.cu"
Finished building: ../main.cu
 
Building target: stereo_match0005
Invoking: NVCC Linker
/usr/local/cuda-8.0/bin/nvcc --cudart static -L"/usr/local/cuda-8.0/samples/common/lib/linux/x86_64" -L/home/rsy6318/opencv-3.0.0/lib -lGL -lGLU -lglut  --relocatable-device-code=false -gencode arch=compute_30,code=compute_30 -gencode arch=compute_30,code=sm_30 -link -o  "stereo_match0005"  ./main.o  /usr/local/cuda-8.0/samples/common/lib/linux/x86_64/libGLEW.a -lopencv_ml -lopencv_imgproc -lopencv_highgui -lopencv_core -lopencv_videoio -lopencv_imgcodecs
Finished building target: stereo_match0005
 
21:35:56 **** Incremental Build of configuration Release for project stereo_match0005 ****
make all 
Building file: ../main.cu
Invoking: NVCC Compiler
/usr/local/cuda-8.0/bin/nvcc -I"/usr/local/cuda-8.0/samples/common/inc" -I"/home/rsy6318/cuda-workspace/stereo_match0005" -I/home/rsy6318/opencv-3.0.0/include/opencv2 -I/home/rsy6318/opencv-3.0.0/include/opencv -O3 -gencode arch=compute_30,code=sm_30  -odir "." -M -o "main.d" "../main.cu"
/usr/local/cuda-8.0/bin/nvcc -I"/usr/local/cuda-8.0/samples/common/inc" -I"/home/rsy6318/cuda-workspace/stereo_match0005" -I/home/rsy6318/opencv-3.0.0/include/opencv2 -I/home/rsy6318/opencv-3.0.0/include/opencv -O3 --compile --relocatable-device-code=false -gencode arch=compute_30,code=compute_30 -gencode arch=compute_30,code=sm_30  -x cu -o  "main.o" "../main.cu"
Finished building: ../main.cu
 
Building target: stereo_match0005
Invoking: NVCC Linker
/usr/local/cuda-8.0/bin/nvcc --cudart static -L"/usr/local/cuda-8.0/samples/common/lib/linux/x86_64" -L/home/rsy6318/opencv-3.0.0/lib -lGL -lGLU -lglut  --relocatable-device-code=false -gencode arch=compute_30,code=compute_30 -gencode arch=compute_30,code=sm_30 -link -o  "stereo_match0005"  ./main.o  /usr/local/cuda-8.0/samples/common/lib/linux/x86_64/libGLEW.a -lopencv_ml -lopencv_imgproc -lopencv_highgui -lopencv_core -lopencv_videoio -lopencv_imgcodecs
Finished building target: stereo_match0005
 
21:37:16 **** Incremental Build of configuration Release for project stereo_match0005 ****
make all 
Building file: ../main.cu
Invoking: NVCC Compiler
/usr/local/cuda-8.0/bin/nvcc -I"/usr/local/cuda-8.0/samples/common/inc" -I"/home/rsy6318/cuda-workspace/stereo_match0005" -I/home/rsy6318/opencv-3.0.0/include/opencv2 -I/home/rsy6318/opencv-3.0.0/include/opencv -O3 -gencode arch=compute_30,code=sm_30  -odir "." -M -o "main.d" "../main.cu"
/usr/local/cuda-8.0/bin/nvcc -I"/usr/local/cuda-8.0/samples/common/inc" -I"/home/rsy6318/cuda-workspace/stereo_match0005" -I/home/rsy6318/opencv-3.0.0/include/opencv2 -I/home/rsy6318/opencv-3.0.0/include/opencv -O3 --compile --relocatable-device-code=false -gencode arch=compute_30,code=compute_30 -gencode arch=compute_30,code=sm_30  -x cu -o  "main.o" "../main.cu"
Finished building: ../main.cu
 
Building target: stereo_match0005
Invoking: NVCC Linker
/usr/local/cuda-8.0/bin/nvcc --cudart static -L"/usr/local/cuda-8.0/samples/common/lib/linux/x86_64" -L/home/rsy6318/opencv-3.0.0/lib -lGL -lGLU -lglut  --relocatable-device-code=false -gencode arch=compute_30,code=compute_30 -gencode arch=compute_30,code=sm_30 -link -o  "stereo_match0005"  ./main.o  /usr/local/cuda-8.0/samples/common/lib/linux/x86_64/libGLEW.a -lopencv_ml -lopencv_imgproc -lopencv_highgui -lopencv_core -lopencv_videoio -lopencv_imgcodecs
Finished building target: stereo_match0005
 
21:37:29 **** Incremental Build of configuration Release for project stereo_match0005 ****
make all 
Building file: ../main.cu
Invoking: NVCC Compiler
/usr/local/cuda-8.0/bin/nvcc -I"/usr/local/cuda-8.0/samples/common/inc" -I"/home/rsy6318/cuda-workspace/stereo_match0005" -I/home/rsy6318/opencv-3.0.0/include/opencv2 -I/home/rsy6318/opencv-3.0.0/include/opencv -O3 -gencode arch=compute_30,code=sm_30  -odir "." -M -o "main.d" "../main.cu"
/usr/local/cuda-8.0/bin/nvcc -I"/usr/local/cuda-8.0/samples/common/inc" -I"/home/rsy6318/cuda-workspace/stereo_match0005" -I/home/rsy6318/opencv-3.0.0/include/opencv2 -I/home/rsy6318/opencv-3.0.0/include/opencv -O3 --compile --relocatable-device-code=false -gencode arch=compute_30,code=compute_30 -gencode arch=compute_30,code=sm_30  -x cu -o  "main.o" "../main.cu"
Finished building: ../main.cu
 
Building target: stereo_match0005
Invoking: NVCC Linker
/usr/local/cuda-8.0/bin/nvcc --cudart static -L"/usr/local/cuda-8.0/samples/common/lib/linux/x86_64" -L/home/rsy6318/opencv-3.0.0/lib -lGL -lGLU -lglut  --relocatable-device-code=false -gencode arch=compute_30,code=compute_30 -gencode arch=compute_30,code=sm_30 -link -o  "stereo_match0005"  ./main.o  /usr/local/cuda-8.0/samples/common/lib/linux/x86_64/libGLEW.a -lopencv_ml -lopencv_imgproc -lopencv_highgui -lopencv_core -lopencv_videoio -lopencv_imgcodecs
Finished building target: stereo_match0005
 
21:49:46 **** Incremental Build of configuration Release for project stereo_match0005 ****
make all 
make: Nothing to be done for 'all'.
21:50:23 **** Incremental Build of configuration Release for project stereo_match0005 ****
make all 
Building file: ../main.cu
Invoking: NVCC Compiler
/usr/local/cuda-8.0/bin/nvcc -I"/usr/local/cuda-8.0/samples/common/inc" -I"/home/rsy6318/cuda-workspace/stereo_match0005" -I/home/rsy6318/opencv-3.0.0/include/opencv2 -I/home/rsy6318/opencv-3.0.0/include/opencv -O3 -gencode arch=compute_30,code=sm_30  -odir "." -M -o "main.d" "../main.cu"
/usr/local/cuda-8.0/bin/nvcc -I"/usr/local/cuda-8.0/samples/common/inc" -I"/home/rsy6318/cuda-workspace/stereo_match0005" -I/home/rsy6318/opencv-3.0.0/include/opencv2 -I/home/rsy6318/opencv-3.0.0/include/opencv -O3 --compile --relocatable-device-code=false -gencode arch=compute_30,code=compute_30 -gencode arch=compute_30,code=sm_30  -x cu -o  "main.o" "../main.cu"
Finished building: ../main.cu
 
Building target: stereo_match0005
Invoking: NVCC Linker
/usr/local/cuda-8.0/bin/nvcc --cudart static -L"/usr/local/cuda-8.0/samples/common/lib/linux/x86_64" -L/home/rsy6318/opencv-3.0.0/lib -lGL -lGLU -lglut  --relocatable-device-code=false -gencode arch=compute_30,code=compute_30 -gencode arch=compute_30,code=sm_30 -link -o  "stereo_match0005"  ./main.o  /usr/local/cuda-8.0/samples/common/lib/linux/x86_64/libGLEW.a -lopencv_ml -lopencv_imgproc -lopencv_highgui -lopencv_core -lopencv_videoio -lopencv_imgcodecs
Finished building target: stereo_match0005
 
21:51:39 **** Incremental Build of configuration Release for project stereo_match0006 ****
make all 
make: Nothing to be done for 'all'.
21:52:01 **** Incremental Build of configuration Release for project stereo_match0006 ****
make all 
Building file: ../main.cu
Invoking: NVCC Compiler
/usr/local/cuda-8.0/bin/nvcc -I/home/rsy6318/opencv-3.0.0/include/opencv -I"/usr/local/cuda-8.0/samples/common/inc" -I/home/rsy6318/opencv-3.0.0/include/opencv2 -O3 -gencode arch=compute_30,code=sm_30  -odir "." -M -o "main.d" "../main.cu"
/usr/local/cuda-8.0/bin/nvcc -I/home/rsy6318/opencv-3.0.0/include/opencv -I"/usr/local/cuda-8.0/samples/common/inc" -I/home/rsy6318/opencv-3.0.0/include/opencv2 -O3 --compile --relocatable-device-code=false -gencode arch=compute_30,code=compute_30 -gencode arch=compute_30,code=sm_30  -x cu -o  "main.o" "../main.cu"
Finished building: ../main.cu
 
Building target: stereo_match0006
Invoking: NVCC Linker
/usr/local/cuda-8.0/bin/nvcc --cudart static -L/home/rsy6318/opencv-3.0.0/lib -L"/usr/local/cuda-8.0/samples/common/lib/linux/x86_64" -lGL -lGLU -lglut  --relocatable-device-code=false -gencode arch=compute_30,code=compute_30 -gencode arch=compute_30,code=sm_30 -link -o  "stereo_match0006"  ./main.o  /usr/local/cuda-8.0/samples/common/lib/linux/x86_64/libGLEW.a -lopencv_ml -lopencv_imgproc -lopencv_highgui -lopencv_core -lopencv_videoio -lopencv_imgcodecs
Finished building target: stereo_match0006
 
09:08:48 **** Incremental Build of configuration Release for project stereo_match0005 ****
make all 
Building file: ../main.cu
Invoking: NVCC Compiler
/usr/local/cuda-8.0/bin/nvcc -I"/usr/local/cuda-8.0/samples/common/inc" -I"/home/rsy6318/cuda-workspace/stereo_match0005" -I/home/rsy6318/opencv-3.0.0/include/opencv2 -I/home/rsy6318/opencv-3.0.0/include/opencv -O3 -gencode arch=compute_30,code=sm_30  -odir "." -M -o "main.d" "../main.cu"
/usr/local/cuda-8.0/bin/nvcc -I"/usr/local/cuda-8.0/samples/common/inc" -I"/home/rsy6318/cuda-workspace/stereo_match0005" -I/home/rsy6318/opencv-3.0.0/include/opencv2 -I/home/rsy6318/opencv-3.0.0/include/opencv -O3 --compile --relocatable-device-code=false -gencode arch=compute_30,code=compute_30 -gencode arch=compute_30,code=sm_30  -x cu -o  "main.o" "../main.cu"
Finished building: ../main.cu
 
Building target: stereo_match0005
Invoking: NVCC Linker
/usr/local/cuda-8.0/bin/nvcc --cudart static -L"/usr/local/cuda-8.0/samples/common/lib/linux/x86_64" -L/home/rsy6318/opencv-3.0.0/lib -lGL -lGLU -lglut  --relocatable-device-code=false -gencode arch=compute_30,code=compute_30 -gencode arch=compute_30,code=sm_30 -link -o  "stereo_match0005"  ./main.o  /usr/local/cuda-8.0/samples/common/lib/linux/x86_64/libGLEW.a -lopencv_ml -lopencv_imgproc -lopencv_highgui -lopencv_core -lopencv_videoio -lopencv_imgcodecs
Finished building target: stereo_match0005
 
09:12:18 **** Incremental Build of configuration Release for project stereo_match0005 ****
make all 
Building file: ../main.cu
Invoking: NVCC Compiler
/usr/local/cuda-8.0/bin/nvcc -I"/usr/local/cuda-8.0/samples/common/inc" -I"/home/rsy6318/cuda-workspace/stereo_match0005" -I/home/rsy6318/opencv-3.0.0/include/opencv2 -I/home/rsy6318/opencv-3.0.0/include/opencv -O3 -gencode arch=compute_30,code=sm_30  -odir "." -M -o "main.d" "../main.cu"
/usr/local/cuda-8.0/bin/nvcc -I"/usr/local/cuda-8.0/samples/common/inc" -I"/home/rsy6318/cuda-workspace/stereo_match0005" -I/home/rsy6318/opencv-3.0.0/include/opencv2 -I/home/rsy6318/opencv-3.0.0/include/opencv -O3 --compile --relocatable-device-code=false -gencode arch=compute_30,code=compute_30 -gencode arch=compute_30,code=sm_30  -x cu -o  "main.o" "../main.cu"
Finished building: ../main.cu
 
Building target: stereo_match0005
Invoking: NVCC Linker
/usr/local/cuda-8.0/bin/nvcc --cudart static -L"/usr/local/cuda-8.0/samples/common/lib/linux/x86_64" -L/home/rsy6318/opencv-3.0.0/lib -lGL -lGLU -lglut  --relocatable-device-code=false -gencode arch=compute_30,code=compute_30 -gencode arch=compute_30,code=sm_30 -link -o  "stereo_match0005"  ./main.o  /usr/local/cuda-8.0/samples/common/lib/linux/x86_64/libGLEW.a -lopencv_ml -lopencv_imgproc -lopencv_highgui -lopencv_core -lopencv_videoio -lopencv_imgcodecs
Finished building target: stereo_match0005
 
09:12:37 **** Incremental Build of configuration Release for project stereo_match0005 ****
make all 
Building file: ../main.cu
Invoking: NVCC Compiler
/usr/local/cuda-8.0/bin/nvcc -I"/usr/local/cuda-8.0/samples/common/inc" -I"/home/rsy6318/cuda-workspace/stereo_match0005" -I/home/rsy6318/opencv-3.0.0/include/opencv2 -I/home/rsy6318/opencv-3.0.0/include/opencv -O3 -gencode arch=compute_30,code=sm_30  -odir "." -M -o "main.d" "../main.cu"
/usr/local/cuda-8.0/bin/nvcc -I"/usr/local/cuda-8.0/samples/common/inc" -I"/home/rsy6318/cuda-workspace/stereo_match0005" -I/home/rsy6318/opencv-3.0.0/include/opencv2 -I/home/rsy6318/opencv-3.0.0/include/opencv -O3 --compile --relocatable-device-code=false -gencode arch=compute_30,code=compute_30 -gencode arch=compute_30,code=sm_30  -x cu -o  "main.o" "../main.cu"
Finished building: ../main.cu
 
Building target: stereo_match0005
Invoking: NVCC Linker
/usr/local/cuda-8.0/bin/nvcc --cudart static -L"/usr/local/cuda-8.0/samples/common/lib/linux/x86_64" -L/home/rsy6318/opencv-3.0.0/lib -lGL -lGLU -lglut  --relocatable-device-code=false -gencode arch=compute_30,code=compute_30 -gencode arch=compute_30,code=sm_30 -link -o  "stereo_match0005"  ./main.o  /usr/local/cuda-8.0/samples/common/lib/linux/x86_64/libGLEW.a -lopencv_ml -lopencv_imgproc -lopencv_highgui -lopencv_core -lopencv_videoio -lopencv_imgcodecs
Finished building target: stereo_match0005
 
09:13:19 **** Incremental Build of configuration Release for project stereo_match0005 ****
make all 
Building file: ../main.cu
Invoking: NVCC Compiler
/usr/local/cuda-8.0/bin/nvcc -I"/usr/local/cuda-8.0/samples/common/inc" -I"/home/rsy6318/cuda-workspace/stereo_match0005" -I/home/rsy6318/opencv-3.0.0/include/opencv2 -I/home/rsy6318/opencv-3.0.0/include/opencv -O3 -gencode arch=compute_30,code=sm_30  -odir "." -M -o "main.d" "../main.cu"
/usr/local/cuda-8.0/bin/nvcc -I"/usr/local/cuda-8.0/samples/common/inc" -I"/home/rsy6318/cuda-workspace/stereo_match0005" -I/home/rsy6318/opencv-3.0.0/include/opencv2 -I/home/rsy6318/opencv-3.0.0/include/opencv -O3 --compile --relocatable-device-code=false -gencode arch=compute_30,code=compute_30 -gencode arch=compute_30,code=sm_30  -x cu -o  "main.o" "../main.cu"
Finished building: ../main.cu
 
Building target: stereo_match0005
Invoking: NVCC Linker
/usr/local/cuda-8.0/bin/nvcc --cudart static -L"/usr/local/cuda-8.0/samples/common/lib/linux/x86_64" -L/home/rsy6318/opencv-3.0.0/lib -lGL -lGLU -lglut  --relocatable-device-code=false -gencode arch=compute_30,code=compute_30 -gencode arch=compute_30,code=sm_30 -link -o  "stereo_match0005"  ./main.o  /usr/local/cuda-8.0/samples/common/lib/linux/x86_64/libGLEW.a -lopencv_ml -lopencv_imgproc -lopencv_highgui -lopencv_core -lopencv_videoio -lopencv_imgcodecs
Finished building target: stereo_match0005
 
09:13:32 **** Incremental Build of configuration Release for project stereo_match0005 ****
make all 
Building file: ../main.cu
Invoking: NVCC Compiler
/usr/local/cuda-8.0/bin/nvcc -I"/usr/local/cuda-8.0/samples/common/inc" -I"/home/rsy6318/cuda-workspace/stereo_match0005" -I/home/rsy6318/opencv-3.0.0/include/opencv2 -I/home/rsy6318/opencv-3.0.0/include/opencv -O3 -gencode arch=compute_30,code=sm_30  -odir "." -M -o "main.d" "../main.cu"
/usr/local/cuda-8.0/bin/nvcc -I"/usr/local/cuda-8.0/samples/common/inc" -I"/home/rsy6318/cuda-workspace/stereo_match0005" -I/home/rsy6318/opencv-3.0.0/include/opencv2 -I/home/rsy6318/opencv-3.0.0/include/opencv -O3 --compile --relocatable-device-code=false -gencode arch=compute_30,code=compute_30 -gencode arch=compute_30,code=sm_30  -x cu -o  "main.o" "../main.cu"
Finished building: ../main.cu
 
Building target: stereo_match0005
Invoking: NVCC Linker
/usr/local/cuda-8.0/bin/nvcc --cudart static -L"/usr/local/cuda-8.0/samples/common/lib/linux/x86_64" -L/home/rsy6318/opencv-3.0.0/lib -lGL -lGLU -lglut  --relocatable-device-code=false -gencode arch=compute_30,code=compute_30 -gencode arch=compute_30,code=sm_30 -link -o  "stereo_match0005"  ./main.o  /usr/local/cuda-8.0/samples/common/lib/linux/x86_64/libGLEW.a -lopencv_ml -lopencv_imgproc -lopencv_highgui -lopencv_core -lopencv_videoio -lopencv_imgcodecs
Finished building target: stereo_match0005
 
